\BOOKMARK [1][-]{section.1}{Quest\343o 1}{}% 1
\BOOKMARK [2][-]{subsection.1.1}{}{section.1}% 2
\BOOKMARK [2][-]{subsection.1.2}{}{section.1}% 3
\BOOKMARK [2][-]{subsection.1.3}{}{section.1}% 4
\BOOKMARK [2][-]{subsection.1.4}{}{section.1}% 5
\BOOKMARK [2][-]{subsection.1.5}{}{section.1}% 6
\BOOKMARK [2][-]{subsection.1.6}{}{section.1}% 7
\BOOKMARK [2][-]{subsection.1.7}{}{section.1}% 8
\BOOKMARK [2][-]{subsection.1.8}{}{section.1}% 9
\BOOKMARK [2][-]{subsection.1.9}{}{section.1}% 10
\BOOKMARK [1][-]{section.2}{Quest\343o 2}{}% 11
\BOOKMARK [2][-]{subsection.2.1}{Playing Soccer}{section.2}% 12
\BOOKMARK [3][-]{subsubsection.2.1.1}{PEAS}{subsection.2.1}% 13
\BOOKMARK [3][-]{subsubsection.2.1.2}{Caracteriza\347\343o}{subsection.2.1}% 14
\BOOKMARK [2][-]{subsection.2.2}{Shop Books}{section.2}% 15
\BOOKMARK [3][-]{subsubsection.2.2.1}{PEAS}{subsection.2.2}% 16
\BOOKMARK [3][-]{subsubsection.2.2.2}{Caracteriza\347\343o}{subsection.2.2}% 17
\BOOKMARK [2][-]{subsection.2.3}{Tennis Match}{section.2}% 18
\BOOKMARK [3][-]{subsubsection.2.3.1}{PEAS}{subsection.2.3}% 19
\BOOKMARK [3][-]{subsubsection.2.3.2}{Caracteriza\347\343o}{subsection.2.3}% 20
\BOOKMARK [2][-]{subsection.2.4}{Tennis Match Against Wall}{section.2}% 21
\BOOKMARK [3][-]{subsubsection.2.4.1}{PEAS}{subsection.2.4}% 22
\BOOKMARK [3][-]{subsubsection.2.4.2}{Caracteriza\347\343o}{subsection.2.4}% 23
\BOOKMARK [2][-]{subsection.2.5}{High Jump}{section.2}% 24
\BOOKMARK [3][-]{subsubsection.2.5.1}{PEAS}{subsection.2.5}% 25
\BOOKMARK [3][-]{subsubsection.2.5.2}{Caracteriza\347\343o}{subsection.2.5}% 26
\BOOKMARK [2][-]{subsection.2.6}{Biddin at an Auction}{section.2}% 27
\BOOKMARK [3][-]{subsubsection.2.6.1}{PEAS}{subsection.2.6}% 28
\BOOKMARK [3][-]{subsubsection.2.6.2}{Caracteriza\347\343o}{subsection.2.6}% 29
\BOOKMARK [1][-]{section.3}{Quest\343o 3}{}% 30
\BOOKMARK [2][-]{subsection.3.1}{Agent}{section.3}% 31
\BOOKMARK [2][-]{subsection.3.2}{Agent Function}{section.3}% 32
\BOOKMARK [2][-]{subsection.3.3}{Agent Program}{section.3}% 33
\BOOKMARK [2][-]{subsection.3.4}{Rationality}{section.3}% 34
\BOOKMARK [2][-]{subsection.3.5}{Autonomy}{section.3}% 35
\BOOKMARK [2][-]{subsection.3.6}{Reflex Agent}{section.3}% 36
\BOOKMARK [2][-]{subsection.3.7}{Model-Based Agent}{section.3}% 37
\BOOKMARK [2][-]{subsection.3.8}{Goal-Based Agent}{section.3}% 38
\BOOKMARK [2][-]{subsection.3.9}{Utility Agent}{section.3}% 39
\BOOKMARK [2][-]{subsection.3.10}{Learn Agent}{section.3}% 40
\BOOKMARK [1][-]{section.4}{Quest\343o 4}{}% 41
\BOOKMARK [2][-]{subsection.4.1}{}{section.4}% 42
\BOOKMARK [2][-]{subsection.4.2}{}{section.4}% 43
\BOOKMARK [2][-]{subsection.4.3}{}{section.4}% 44
\BOOKMARK [1][-]{section.5}{Quest\343o 5}{}% 45
